<?xml version="1.0" encoding="UTF-8"?>
<!-- Generated by org.testng.reporters.JUnitXMLReporter -->
<testsuite ignored="0" hostname="DESKTOP-D5GB7KD" failures="0" tests="3" name="AmazoneInvalidTest" time="79.889" errors="0" timestamp="2020-06-30T21:34:45 IST">
  <testcase classname="Amazone.InvalidRegstrAmznTest" name="@BeforeTest InitialSetup" time="19.6">
    <failure type="org.openqa.selenium.WebDriverException" message="unknown error: cannot determine loading status
from disconnected: received Inspector.detached event
  (Session info: chrome=83.0.4103.116)
Build info: version: &amp;apos;3.141.59&amp;apos;, revision: &amp;apos;e82be7d358&amp;apos;, time: &amp;apos;2018-11-14T08:17:03&amp;apos;
System info: host: &amp;apos;DESKTOP-D5GB7KD&amp;apos;, ip: &amp;apos;127.0.0.1&amp;apos;, os.name: &amp;apos;Windows 10&amp;apos;, os.arch: &amp;apos;amd64&amp;apos;, os.version: &amp;apos;10.0&amp;apos;, java.version: &amp;apos;14&amp;apos;
Driver info: org.openqa.selenium.chrome.ChromeDriver
Capabilities {acceptInsecureCerts: false, browserName: chrome, browserVersion: 83.0.4103.116, chrome: {chromedriverVersion: 83.0.4103.39 (ccbf011cb2d2b..., userDataDir: C:\Users\RESMIM~1\AppData\L...}, goog:chromeOptions: {debuggerAddress: localhost:63074}, javascriptEnabled: true, networkConnectionEnabled: false, pageLoadStrategy: normal, platform: WINDOWS, platformName: WINDOWS, proxy: Proxy(), setWindowRect: true, strictFileInteractability: false, timeouts: {implicit: 0, pageLoad: 300000, script: 30000}, unhandledPromptBehavior: dismiss and notify, webauthn:virtualAuthenticators: true}
Session ID: 48f1e18e87cce5c7624ab3c78b15832f">
      <![CDATA[org.openqa.selenium.WebDriverException: unknown error: cannot determine loading status
from disconnected: received Inspector.detached event
  (Session info: chrome=83.0.4103.116)
Build info: version: '3.141.59', revision: 'e82be7d358', time: '2018-11-14T08:17:03'
System info: host: 'DESKTOP-D5GB7KD', ip: '127.0.0.1', os.name: 'Windows 10', os.arch: 'amd64', os.version: '10.0', java.version: '14'
Driver info: org.openqa.selenium.chrome.ChromeDriver
Capabilities {acceptInsecureCerts: false, browserName: chrome, browserVersion: 83.0.4103.116, chrome: {chromedriverVersion: 83.0.4103.39 (ccbf011cb2d2b..., userDataDir: C:\Users\RESMIM~1\AppData\L...}, goog:chromeOptions: {debuggerAddress: localhost:63074}, javascriptEnabled: true, networkConnectionEnabled: false, pageLoadStrategy: normal, platform: WINDOWS, platformName: WINDOWS, proxy: Proxy(), setWindowRect: true, strictFileInteractability: false, timeouts: {implicit: 0, pageLoad: 300000, script: 30000}, unhandledPromptBehavior: dismiss and notify, webauthn:virtualAuthenticators: true}
Session ID: 48f1e18e87cce5c7624ab3c78b15832f
at org.openqa.selenium.remote.http.W3CHttpResponseCodec.createException(W3CHttpResponseCodec.java:187)
at org.openqa.selenium.remote.http.W3CHttpResponseCodec.decode(W3CHttpResponseCodec.java:122)
at org.openqa.selenium.remote.http.W3CHttpResponseCodec.decode(W3CHttpResponseCodec.java:49)
at org.openqa.selenium.remote.HttpCommandExecutor.execute(HttpCommandExecutor.java:158)
at org.openqa.selenium.remote.service.DriverCommandExecutor.execute(DriverCommandExecutor.java:83)
at org.openqa.selenium.remote.RemoteWebDriver.execute(RemoteWebDriver.java:552)
at org.openqa.selenium.remote.RemoteWebDriver.get(RemoteWebDriver.java:277)
at Amazone.InvalidRegstrAmznTest.InitialSetup(InvalidRegstrAmznTest.java:23)
... Removed 29 stack frames]]>
    </failure>
  </testcase> <!-- @BeforeTest InitialSetup -->
  <testcase classname="Amazone.InvalidLoginAmznTest" name="@AfterTest TearDown" time="-1.593533085169E9">
    <skipped/>
  </testcase> <!-- @AfterTest TearDown -->
  <testcase classname="Amazone.InvalidRegstrAmznTest" name="@AfterTest TearDown" time="-1.593533085179E9">
    <skipped/>
  </testcase> <!-- @AfterTest TearDown -->
  <testcase classname="Amazone.InvalidLoginAmznTest" name="invalidLoginUser" time="0.0">
    <skipped/>
  </testcase> <!-- invalidLoginUser -->
  <testcase classname="Amazone.InvalidLoginAmznTest" name="invalidPwd" time="0.0">
    <skipped/>
  </testcase> <!-- invalidPwd -->
  <testcase classname="Amazone.InvalidRegstrAmznTest" name="invalidRegistration" time="0.0">
    <skipped/>
  </testcase> <!-- invalidRegistration -->
</testsuite> <!-- AmazoneInvalidTest -->
